<?xml version="1.0" encoding="UTF-8"?>
<!-- Generated by org.testng.reporters.JUnitReportReporter -->
<testsuite hostname="TYSS-MF-029" name="com.pearson.testscripts.PearsonTest" tests="1" failures="0" timestamp="27 Jul 2017 13:28:55 GMT" time="255.071" errors="0">
  <testcase name="testIntegerActivity" time="255.071" classname="com.pearson.testscripts.PearsonTest"/>
</testsuite> <!-- com.pearson.testscripts.PearsonTest -->
